In form component "Upgrade Ticket [Text field]" (screen "One Time Update [Configurable form]"), property "Initialization script":
java.lang.IllegalArgumentException: bound must be positive
	at java.util.Random.nextInt(Unknown Source)
	at com.fbi.k.CeVal.<init>(Unknown Source)
	at com.install4j.script.I4jScript_Internal_34.eval(I4jScript_Internal_34.java:3)
	at com.install4j.script.I4jScript_Internal_34.evaluate(I4jScript_Internal_34.java:*27)
	at com.install4j.runtime.installer.helper.Script.evaluate(Script.java:33)
	at com.install4j.runtime.installer.ContextImpl.runScript(ContextImpl.java:188)
	at com.install4j.runtime.installer.ContextImpl.runScript(ContextImpl.java:182)
	at com.install4j.runtime.installer.ContextImpl.runBooleanScript(ContextImpl.java:55)
	at com.install4j.runtime.installer.ContextImpl.runBooleanScript(ContextImpl.java:225)
	at com.install4j.runtime.installer.frontend.FormPanel.initializeComponent(FormPanel.java:259)
	at com.install4j.runtime.installer.frontend.FormPanel.initializeComponents(FormPanel.java:231)
	at com.install4j.runtime.installer.frontend.FormPanel.willActivate(FormPanel.java:109)
	at com.install4j.runtime.installer.frontend.ScreenEnvelope.activate(ScreenEnvelope.java:148)
	at com.install4j.runtime.wizard.WizardBase.setScreen(WizardBase.java:120)
	at com.install4j.runtime.installer.frontend.WizardScreenExecutor.execute(WizardScreenExecutor.java:227)
	at com.install4j.runtime.installer.controller.Controller$1.run(Controller.java:138)
	at java.awt.event.InvocationEvent.dispatch(Unknown Source)
	at java.awt.EventQueue.dispatchEventImpl(Unknown Source)
	at java.awt.EventQueue.access$500(Unknown Source)
	at java.awt.EventQueue$3.run(Unknown Source)
	at java.awt.EventQueue$3.run(Unknown Source)
	at java.security.AccessController.doPrivileged(Native Method)
	at java.security.ProtectionDomain$JavaSecurityAccessImpl.doIntersectionPrivilege(Unknown Source)
	at java.awt.EventQueue.dispatchEvent(Unknown Source)
	at java.awt.EventDispatchThread.pumpOneEventForFilters(Unknown Source)
	at java.awt.EventDispatchThread.pumpEventsForFilter(Unknown Source)
	at java.awt.EventDispatchThread.pumpEventsForHierarchy(Unknown Source)
	at java.awt.EventDispatchThread.pumpEvents(Unknown Source)
	at java.awt.EventDispatchThread.pumpEvents(Unknown Source)
	at java.awt.EventDispatchThread.run(Unknown Source)
